<?xml version="1.0" encoding="UTF-8"?>
<robot generator="Robot 3.0.2 (Python 3.6.3 on win32)" generated="20180416 12:51:16.090">
<suite id="s1" name="Variables" source="E:\tools\robotframwework\RobotFramework-Examples\basics\Variables.robot">
<test id="s1-t1" name="Verifying name">
<kw name="log ${name}">
<msg timestamp="20180416 12:51:16.150" level="FAIL">No keyword with name 'log ${name}' found.</msg>
<status status="FAIL" starttime="20180416 12:51:16.150" endtime="20180416 12:51:16.150"></status>
</kw>
<status status="FAIL" starttime="20180416 12:51:16.150" endtime="20180416 12:51:16.150" critical="yes">No keyword with name 'log ${name}' found.</status>
</test>
<status status="FAIL" starttime="20180416 12:51:16.100" endtime="20180416 12:51:16.160"></status>
</suite>
<statistics>
<total>
<stat pass="0" fail="1">Critical Tests</stat>
<stat pass="0" fail="1">All Tests</stat>
</total>
<tag>
</tag>
<suite>
<stat pass="0" fail="1" id="s1" name="Variables">Variables</stat>
</suite>
</statistics>
<errors>
</errors>
</robot>
