<?xml version="1.0" encoding="UTF-8"?>
<robot generator="Robot 3.0.2 (Python 3.6.3 on win32)" generated="20180416 10:56:18.875">
<suite id="s1" name="Example1" source="E:\tools\robotframwework\RobotFramework-Examples\basics\Example1.robot">
<test id="s1-t1" name="For-Loop-In-Range">
<kw name="${INDEX} IN RANGE [ 1 | 3 ]" type="for">
<kw name="${INDEX} = 1" type="foritem">
<kw name="Log" library="BuiltIn">
<doc>Logs the given message with the given level.</doc>
<arguments>
<arg>${INDEX}</arg>
</arguments>
<msg timestamp="20180416 10:56:19.095" level="INFO">1</msg>
<status status="PASS" starttime="20180416 10:56:19.095" endtime="20180416 10:56:19.095"></status>
</kw>
<kw name="Generate Random String" library="String">
<doc>Generates a string with a desired ``length`` from the given ``chars``.</doc>
<arguments>
<arg>${INDEX}</arg>
</arguments>
<assign>
<var>${RANDOM_STRING}</var>
</assign>
<msg timestamp="20180416 10:56:19.095" level="INFO">${RANDOM_STRING} = O</msg>
<status status="PASS" starttime="20180416 10:56:19.095" endtime="20180416 10:56:19.095"></status>
</kw>
<kw name="Log" library="BuiltIn">
<doc>Logs the given message with the given level.</doc>
<arguments>
<arg>${RANDOM_STRING}</arg>
</arguments>
<msg timestamp="20180416 10:56:19.095" level="INFO">O</msg>
<status status="PASS" starttime="20180416 10:56:19.095" endtime="20180416 10:56:19.095"></status>
</kw>
<status status="PASS" starttime="20180416 10:56:19.095" endtime="20180416 10:56:19.095"></status>
</kw>
<kw name="${INDEX} = 2" type="foritem">
<kw name="Log" library="BuiltIn">
<doc>Logs the given message with the given level.</doc>
<arguments>
<arg>${INDEX}</arg>
</arguments>
<msg timestamp="20180416 10:56:19.095" level="INFO">2</msg>
<status status="PASS" starttime="20180416 10:56:19.095" endtime="20180416 10:56:19.095"></status>
</kw>
<kw name="Generate Random String" library="String">
<doc>Generates a string with a desired ``length`` from the given ``chars``.</doc>
<arguments>
<arg>${INDEX}</arg>
</arguments>
<assign>
<var>${RANDOM_STRING}</var>
</assign>
<msg timestamp="20180416 10:56:19.105" level="INFO">${RANDOM_STRING} = Ry</msg>
<status status="PASS" starttime="20180416 10:56:19.095" endtime="20180416 10:56:19.105"></status>
</kw>
<kw name="Log" library="BuiltIn">
<doc>Logs the given message with the given level.</doc>
<arguments>
<arg>${RANDOM_STRING}</arg>
</arguments>
<msg timestamp="20180416 10:56:19.105" level="INFO">Ry</msg>
<status status="PASS" starttime="20180416 10:56:19.105" endtime="20180416 10:56:19.105"></status>
</kw>
<status status="PASS" starttime="20180416 10:56:19.095" endtime="20180416 10:56:19.105"></status>
</kw>
<status status="PASS" starttime="20180416 10:56:19.095" endtime="20180416 10:56:19.105"></status>
</kw>
<status status="PASS" starttime="20180416 10:56:19.095" endtime="20180416 10:56:19.105" critical="yes"></status>
</test>
<test id="s1-t2" name="For-Loop-Elements">
<kw name="Create List" library="BuiltIn">
<doc>Returns a list containing given items.</doc>
<arguments>
<arg>Star Trek</arg>
<arg>Star Wars</arg>
<arg>Perry Rhodan</arg>
</arguments>
<assign>
<var>@{ITEMS}</var>
</assign>
<msg timestamp="20180416 10:56:19.115" level="INFO">@{ITEMS} = [ Star Trek | Star Wars | Perry Rhodan ]</msg>
<status status="PASS" starttime="20180416 10:56:19.115" endtime="20180416 10:56:19.115"></status>
</kw>
<kw name="${ELEMENT} IN [ @{ITEMS} ]" type="for">
<kw name="${ELEMENT} = Star Trek" type="foritem">
<kw name="Log" library="BuiltIn">
<doc>Logs the given message with the given level.</doc>
<arguments>
<arg>${ELEMENT}</arg>
</arguments>
<msg timestamp="20180416 10:56:19.115" level="INFO">Star Trek</msg>
<status status="PASS" starttime="20180416 10:56:19.115" endtime="20180416 10:56:19.115"></status>
</kw>
<kw name="Replace String" library="String">
<doc>Replaces ``search_for`` in the given ``string`` with ``replace_with``.</doc>
<arguments>
<arg>${ELEMENT}</arg>
<arg>${SPACE}</arg>
<arg>${EMPTY}</arg>
</arguments>
<assign>
<var>${ELEMENT}</var>
</assign>
<msg timestamp="20180416 10:56:19.115" level="INFO">${ELEMENT} = StarTrek</msg>
<status status="PASS" starttime="20180416 10:56:19.115" endtime="20180416 10:56:19.115"></status>
</kw>
<kw name="Log" library="BuiltIn">
<doc>Logs the given message with the given level.</doc>
<arguments>
<arg>${ELEMENT}</arg>
</arguments>
<msg timestamp="20180416 10:56:19.115" level="INFO">StarTrek</msg>
<status status="PASS" starttime="20180416 10:56:19.115" endtime="20180416 10:56:19.115"></status>
</kw>
<status status="PASS" starttime="20180416 10:56:19.115" endtime="20180416 10:56:19.115"></status>
</kw>
<kw name="${ELEMENT} = Star Wars" type="foritem">
<kw name="Log" library="BuiltIn">
<doc>Logs the given message with the given level.</doc>
<arguments>
<arg>${ELEMENT}</arg>
</arguments>
<msg timestamp="20180416 10:56:19.115" level="INFO">Star Wars</msg>
<status status="PASS" starttime="20180416 10:56:19.115" endtime="20180416 10:56:19.115"></status>
</kw>
<kw name="Replace String" library="String">
<doc>Replaces ``search_for`` in the given ``string`` with ``replace_with``.</doc>
<arguments>
<arg>${ELEMENT}</arg>
<arg>${SPACE}</arg>
<arg>${EMPTY}</arg>
</arguments>
<assign>
<var>${ELEMENT}</var>
</assign>
<msg timestamp="20180416 10:56:19.115" level="INFO">${ELEMENT} = StarWars</msg>
<status status="PASS" starttime="20180416 10:56:19.115" endtime="20180416 10:56:19.115"></status>
</kw>
<kw name="Log" library="BuiltIn">
<doc>Logs the given message with the given level.</doc>
<arguments>
<arg>${ELEMENT}</arg>
</arguments>
<msg timestamp="20180416 10:56:19.115" level="INFO">StarWars</msg>
<status status="PASS" starttime="20180416 10:56:19.115" endtime="20180416 10:56:19.115"></status>
</kw>
<status status="PASS" starttime="20180416 10:56:19.115" endtime="20180416 10:56:19.115"></status>
</kw>
<kw name="${ELEMENT} = Perry Rhodan" type="foritem">
<kw name="Log" library="BuiltIn">
<doc>Logs the given message with the given level.</doc>
<arguments>
<arg>${ELEMENT}</arg>
</arguments>
<msg timestamp="20180416 10:56:19.115" level="INFO">Perry Rhodan</msg>
<status status="PASS" starttime="20180416 10:56:19.115" endtime="20180416 10:56:19.115"></status>
</kw>
<kw name="Replace String" library="String">
<doc>Replaces ``search_for`` in the given ``string`` with ``replace_with``.</doc>
<arguments>
<arg>${ELEMENT}</arg>
<arg>${SPACE}</arg>
<arg>${EMPTY}</arg>
</arguments>
<assign>
<var>${ELEMENT}</var>
</assign>
<msg timestamp="20180416 10:56:19.115" level="INFO">${ELEMENT} = PerryRhodan</msg>
<status status="PASS" starttime="20180416 10:56:19.115" endtime="20180416 10:56:19.115"></status>
</kw>
<kw name="Log" library="BuiltIn">
<doc>Logs the given message with the given level.</doc>
<arguments>
<arg>${ELEMENT}</arg>
</arguments>
<msg timestamp="20180416 10:56:19.115" level="INFO">PerryRhodan</msg>
<status status="PASS" starttime="20180416 10:56:19.115" endtime="20180416 10:56:19.115"></status>
</kw>
<status status="PASS" starttime="20180416 10:56:19.115" endtime="20180416 10:56:19.115"></status>
</kw>
<status status="PASS" starttime="20180416 10:56:19.115" endtime="20180416 10:56:19.115"></status>
</kw>
<status status="PASS" starttime="20180416 10:56:19.105" endtime="20180416 10:56:19.115" critical="yes"></status>
</test>
<test id="s1-t3" name="For-Loop-Exiting">
<kw name="Create List" library="BuiltIn">
<doc>Returns a list containing given items.</doc>
<arguments>
<arg>Good Element 1</arg>
<arg>Break On Me</arg>
<arg>Good Element 2</arg>
</arguments>
<assign>
<var>@{ITEMS}</var>
</assign>
<msg timestamp="20180416 10:56:19.125" level="INFO">@{ITEMS} = [ Good Element 1 | Break On Me | Good Element 2 ]</msg>
<status status="PASS" starttime="20180416 10:56:19.125" endtime="20180416 10:56:19.125"></status>
</kw>
<kw name="${ELEMENT} IN [ @{ITEMS} ]" type="for">
<kw name="${ELEMENT} = Good Element 1" type="foritem">
<kw name="Log" library="BuiltIn">
<doc>Logs the given message with the given level.</doc>
<arguments>
<arg>${ELEMENT}</arg>
</arguments>
<msg timestamp="20180416 10:56:19.125" level="INFO">Good Element 1</msg>
<status status="PASS" starttime="20180416 10:56:19.125" endtime="20180416 10:56:19.125"></status>
</kw>
<kw name="Run Keyword If" library="BuiltIn">
<doc>Runs the given keyword with the given arguments, if ``condition`` is true.</doc>
<arguments>
<arg>'${ELEMENT}' == 'Break On Me'</arg>
<arg>Exit For Loop</arg>
</arguments>
<status status="PASS" starttime="20180416 10:56:19.125" endtime="20180416 10:56:19.125"></status>
</kw>
<kw name="Log" library="BuiltIn">
<doc>Logs the given message with the given level.</doc>
<arguments>
<arg>Do more actions here ...</arg>
</arguments>
<msg timestamp="20180416 10:56:19.125" level="INFO">Do more actions here ...</msg>
<status status="PASS" starttime="20180416 10:56:19.125" endtime="20180416 10:56:19.125"></status>
</kw>
<status status="PASS" starttime="20180416 10:56:19.125" endtime="20180416 10:56:19.125"></status>
</kw>
<kw name="${ELEMENT} = Break On Me" type="foritem">
<kw name="Log" library="BuiltIn">
<doc>Logs the given message with the given level.</doc>
<arguments>
<arg>${ELEMENT}</arg>
</arguments>
<msg timestamp="20180416 10:56:19.125" level="INFO">Break On Me</msg>
<status status="PASS" starttime="20180416 10:56:19.125" endtime="20180416 10:56:19.125"></status>
</kw>
<kw name="Run Keyword If" library="BuiltIn">
<doc>Runs the given keyword with the given arguments, if ``condition`` is true.</doc>
<arguments>
<arg>'${ELEMENT}' == 'Break On Me'</arg>
<arg>Exit For Loop</arg>
</arguments>
<kw name="Exit For Loop" library="BuiltIn">
<doc>Stops executing the enclosing for loop.</doc>
<msg timestamp="20180416 10:56:19.135" level="INFO">Exiting for loop altogether.</msg>
<status status="PASS" starttime="20180416 10:56:19.135" endtime="20180416 10:56:19.135"></status>
</kw>
<status status="PASS" starttime="20180416 10:56:19.125" endtime="20180416 10:56:19.135"></status>
</kw>
<status status="PASS" starttime="20180416 10:56:19.125" endtime="20180416 10:56:19.135"></status>
</kw>
<status status="PASS" starttime="20180416 10:56:19.125" endtime="20180416 10:56:19.135"></status>
</kw>
<status status="PASS" starttime="20180416 10:56:19.125" endtime="20180416 10:56:19.135" critical="yes"></status>
</test>
<test id="s1-t4" name="Repeat-Action">
<kw name="Repeat Keyword" library="BuiltIn">
<doc>Executes the specified keyword multiple times.</doc>
<arguments>
<arg>2</arg>
<arg>Log</arg>
<arg>Repeating this ...</arg>
</arguments>
<msg timestamp="20180416 10:56:19.135" level="INFO">Repeating keyword, round 1/2.</msg>
<kw name="Log" library="BuiltIn">
<doc>Logs the given message with the given level.</doc>
<arguments>
<arg>Repeating this ...</arg>
</arguments>
<msg timestamp="20180416 10:56:19.135" level="INFO">Repeating this ...</msg>
<status status="PASS" starttime="20180416 10:56:19.135" endtime="20180416 10:56:19.135"></status>
</kw>
<msg timestamp="20180416 10:56:19.135" level="INFO">Repeating keyword, round 2/2.</msg>
<kw name="Log" library="BuiltIn">
<doc>Logs the given message with the given level.</doc>
<arguments>
<arg>Repeating this ...</arg>
</arguments>
<msg timestamp="20180416 10:56:19.135" level="INFO">Repeating this ...</msg>
<status status="PASS" starttime="20180416 10:56:19.135" endtime="20180416 10:56:19.135"></status>
</kw>
<status status="PASS" starttime="20180416 10:56:19.135" endtime="20180416 10:56:19.135"></status>
</kw>
<status status="PASS" starttime="20180416 10:56:19.135" endtime="20180416 10:56:19.135" critical="yes"></status>
</test>
<status status="PASS" starttime="20180416 10:56:18.876" endtime="20180416 10:56:19.145"></status>
</suite>
<statistics>
<total>
<stat pass="4" fail="0">Critical Tests</stat>
<stat pass="4" fail="0">All Tests</stat>
</total>
<tag>
</tag>
<suite>
<stat pass="4" fail="0" id="s1" name="Example1">Example1</stat>
</suite>
</statistics>
<errors>
</errors>
</robot>
